read/lagrit/mesh_10.lg/mo_10/binary                                             
cmo/move/mo_10/mo_final                                                         
define/MO_NAME_FRAC/mo_10                                                       
cmo/addatt/MO_NAME_FRAC/volume/evol_one                                         
math/sum/MO_NAME_FRAC/evol_sum/1 0 0/MO_NAME_FRAC/evol_one                      
addmesh/merge/cmo_tmp/cmo_tmp/mo_10                                             
cmo/delete/mo_10                                                                
read/lagrit/mesh_11.lg/mo_11/binary                                             
cmo/move/mo_11/mo_final                                                         
define/MO_NAME_FRAC/mo_11                                                       
cmo/addatt/MO_NAME_FRAC/volume/evol_one                                         
math/sum/MO_NAME_FRAC/evol_sum/1 0 0/MO_NAME_FRAC/evol_one                      
addmesh/merge/cmo_tmp/cmo_tmp/mo_11                                             
cmo/delete/mo_11                                                                
read/lagrit/mesh_12.lg/mo_12/binary                                             
cmo/move/mo_12/mo_final                                                         
define/MO_NAME_FRAC/mo_12                                                       
cmo/addatt/MO_NAME_FRAC/volume/evol_one                                         
math/sum/MO_NAME_FRAC/evol_sum/1 0 0/MO_NAME_FRAC/evol_one                      
addmesh/merge/cmo_tmp/cmo_tmp/mo_12                                             
cmo/delete/mo_12                                                                
mo/addatt/cmo_tmp/volume/evol_all                                               
math/sum/cmo_tmp/evol_sum/1 0 0/cmo_tmp/evol_all                                
cmo select cmo_tmp                                                              
dump lagrit part4.lg cmo_tmp                                                    
finish                                                                          
