read/lagrit/mesh_1.lg/mo_1/binary                                               
cmo/move/mo_1/mo_final                                                          
define/MO_NAME_FRAC/mo_1                                                        
cmo/addatt/MO_NAME_FRAC/volume/evol_one                                         
math/sum/MO_NAME_FRAC/evol_sum/1 0 0/MO_NAME_FRAC/evol_one                      
addmesh/merge/cmo_tmp/cmo_tmp/mo_1                                              
cmo/delete/mo_1                                                                 
read/lagrit/mesh_2.lg/mo_2/binary                                               
cmo/move/mo_2/mo_final                                                          
define/MO_NAME_FRAC/mo_2                                                        
cmo/addatt/MO_NAME_FRAC/volume/evol_one                                         
math/sum/MO_NAME_FRAC/evol_sum/1 0 0/MO_NAME_FRAC/evol_one                      
addmesh/merge/cmo_tmp/cmo_tmp/mo_2                                              
cmo/delete/mo_2                                                                 
read/lagrit/mesh_3.lg/mo_3/binary                                               
cmo/move/mo_3/mo_final                                                          
define/MO_NAME_FRAC/mo_3                                                        
cmo/addatt/MO_NAME_FRAC/volume/evol_one                                         
math/sum/MO_NAME_FRAC/evol_sum/1 0 0/MO_NAME_FRAC/evol_one                      
addmesh/merge/cmo_tmp/cmo_tmp/mo_3                                              
cmo/delete/mo_3                                                                 
mo/addatt/cmo_tmp/volume/evol_all                                               
math/sum/cmo_tmp/evol_sum/1 0 0/cmo_tmp/evol_all                                
cmo select cmo_tmp                                                              
dump lagrit part1.lg cmo_tmp                                                    
finish                                                                          
