infile parameters_9.mlgi                                                        
define/ID/9                                                                     
define/OUTFILE_GMV/mesh_9.gmv                                                   
define/OUTFILE_AVS/mesh_9.inp                                                   
define/OUTFILE_LG/mesh_9.lg                                                     
define/POLY_FILE/poly_9.inp                                                     
define/QUAD_FILE/tmp_quad_9.inp                                                 
define/EXCAVATE_FILE/tmp_excavate_9.inp                                         
define/PRE_FINAL_FILE/tmp_pre_final_9.inp                                       
define/PRE_FINAL_MASSAGE/tmp_pre_final_massage_9.gmv                            
define/H_SCALE/1.000000e-01                                                     
define/H_EPS/1.000000e-08                                                       
define/H_SCALE2/1.500000e-01                                                    
define/H_EXTRUDE/5.000000e-02                                                   
define/H_TRANS/-0.001615                                                        
define/H_PRIME/4.000000e-02                                                     
define/THETA/121.810010770005                                                   
define/X1/79.057866421440                                                       
define/Y1/-76.484336676798                                                      
define/Z1/-0.000000000000                                                       
define/X2/-79.057866421440                                                      
define/Y2/76.484336676798                                                       
define/Z2/0.000000000000                                                        
define/FAMILY/2                                                                 
finish                                                                          
define/POINT_FILE/points_9.xyz                                                  
define/LINE_FILE/intersections_9.inp                                            
define/OUTPUT_INTER_ID_SSINT/id_tri_node_9.list                                 
cmo/create/mo_pts///triplane                                                    
cmo/readatt/mo_pts/xic,yic,zic/1,0,0/POINT_FILE                                 
cmo/status/brief                                                                
cmo/printatt/mo_pts/-xyz-/minmax                                                
cmo/setatt/mo_pts/imt/1 0 0/ID                                                  
cmo/setatt/mo_pts/itp/1 0 0/0                                                   
filter/1 0 0                                                                    
rmpoint/compress                                                                
connect                                                                         
resetpts/itp                                                                    
quality                                                                         
cmo/addatt/mo_pts/area/tri_area                                                 
quality/aspect/y                                                                
assign///maxiter_sm/1                                                           
smooth                                                                          
recon 0                                                                         
smooth                                                                          
recon 1                                                                         
read/LINE_FILE/mo_line_work                                                     
extrude/mo_quad/mo_line_work/const/H_EXTRUDE/volume/0. 0. 1.                    
trans/1 0 0/0. 0. 0./0. 0. H_TRANS                                              
hextotet/2/mo_tri/mo_quad                                                       
cmo/delete/mo_quad                                                              
addmesh/excavate/mo_excavate/mo_pts/mo_tri                                      
cmo/delete/mo_tri                                                               
cmo/delete/mo_pts                                                               
cmo/create/mo_final///triplane                                                  
copypts/mo_final/mo_excavate                                                    
compute/distance_field/mo_final/mo_line_work/dfield                             
cmo/printatt/mo_final/dfield/minmax                                             
pset/pdel/attribute dfield/1,0,0/lt H_PRIME                                     
rmpoint/pset,get,pdel/inclusive                                                 
rmpoint/compress                                                                
copypts/mo_final/mo_line_work                                                   
cmo/select/mo_final                                                             
cmo/setatt/mo_final/imt/1 0 0/ID                                                
cmo/setatt/mo_final/itp/1 0 0/0                                                 
trans/1 0 0/zero/xyz                                                            
cmo/setatt/mo_final/zic/1 0 0/0.0                                               
cmo/printatt/mo_final/-xyz-/minmax                                              
connect                                                                         
cmo/setatt/mo_final/itetclr/1 0 0/ID                                            
resetpts/itp                                                                    
trans/1 0 0/original/xyz                                                        
cmo/printatt/mo_final/-xyz-/minmax                                              
cmo/delete/mo_excavate                                                          
cmo/select/mo_final                                                             
pset/pref/attribute/dfield/1,0,0/lt/H_EPS                                       
pset/pregion/attribute/dfield/1,0,0/gt/H_SCALE2                                 
pset/pboundary/attribute/itp/1,0,0/eq/10                                        
pset/psmooth/not/pregion pref pboundary                                         
assign///maxiter_sm/1                                                           
smooth/position/esug/pset get psmooth                                           
recon 0                                                                         
smooth/position/esug/pset get psmooth                                           
recon 0                                                                         
smooth/position/esug/pset get psmooth                                           
recon 1                                                                         
assign///maxiter_sm/10                                                          
cmo/copy/mo_final_check/mo_final                                                
define/MO_TRI_MESH_SSINT/mo_tri_tmp_subset                                      
define/MO_LINE_MESH_SSINT/mo_line_tmp_subset                                    
define/ATT_ID_INTERSECTION_SSINT/b_a                                            
define/ATT_ID_SOURCE_SSINT/id_node_global                                       
define/ATT_ID_SINK_SSINT/id_node_tri                                            
cmo/set_id/mo_final_check/node/ATT_ID_SOURCE_SSINT                              
cmo/select/mo_final_check                                                       
pset/pkeep/attribute/ATT_ID_INTERSECTION_SSINT/1 0 0/ne/0                       
pset/pall/seq/1 0 0                                                             
pset/pdel/not pall pkeep                                                        
rmpoint/pset get pdel/exclusive                                                 
rmpoint/compress                                                                
cmo/addatt/mo_line_work/ATT_ID_SINK_SSINT/vint/scalar/nnodes                    
interpolate/voronoi/mo_line_work ATT_ID_SINK_SSINT/1 0 0/mo_final_check ATT_ID_S
OURCE_SSINT                                                                     
cmo/modatt/mo_line_work/imt/ioflag/l                                            
cmo/modatt/mo_line_work/itp/ioflag/l                                            
cmo/modatt/mo_line_work/isn/ioflag/l                                            
cmo/modatt/mo_line_work/icr/ioflag/l                                            
cmo/modatt/mo_line_work/a_b/ioflag/l                                            
cmo/modatt/mo_line_work/b_a/ioflag/l                                            
dump/avs2/OUTPUT_INTER_ID_SSINT/mo_line_work/0 0 2 0                            
cmo/delete/mo_line_work                                                         
cmo/delete/mo_final_check                                                       
cmo/select/mo_final                                                             
rotateln/1 0 0/nocopy/X1,Y1,Z1/X2,Y2,Z2/THETA/0.,0.,0.,/                        
cmo/printatt/mo_final/-xyz-/minmax                                              
cmo/addatt/mo_final/unit_area_normal/xyz/vnorm                                  
cmo/addatt/mo_final/scalar/xnorm ynorm znorm/vnorm                              
cmo/DELATT/mo_final/vnorm                                                       
cmo/addatt/mo_final/family_id/vint/scalar/nelements                             
cmo/setatt/mo_final/family_id/1 0 0/FAMILY                                      
dump/OUTFILE_AVS/mo_final                                                       
dump/lagrit/OUTFILE_LG/mo_final                                                 
quality                                                                         
cmo/delete/mo_final                                                             
cmo/status/brief                                                                
finish                                                                          
